I, [2020-12-14T15:23:01.199991 #70732]  INFO -- : Registered expected interaction GET /users
D, [2020-12-14T15:23:01.200222 #70732] DEBUG -- : {
  "description": "a request to get users",
  "providerState": "Has some users",
  "request": {
    "method": "GET",
    "path": "/users"
  },
  "response": {
    "status": 200,
    "headers": {
      "Content-Type": "application/json; charset=utf-8"
    },
    "body": [
      {
        "firstName": "Oneal",
        "lastName": "Anguin"
      }
    ]
  },
  "metadata": null
}
I, [2020-12-14T15:23:01.212528 #70732]  INFO -- : Received request GET /users
D, [2020-12-14T15:23:01.212650 #70732] DEBUG -- : {
  "path": "/users",
  "query": "",
  "method": "get",
  "headers": {
    "Host": "localhost:62715",
    "Accept-Encoding": "gzip, deflate",
    "Connection": "close",
    "Version": "HTTP/1.1"
  }
}
I, [2020-12-14T15:23:01.212963 #70732]  INFO -- : Found matching response for GET /users
D, [2020-12-14T15:23:01.213078 #70732] DEBUG -- : {
  "status": 200,
  "headers": {
    "Content-Type": "application/json; charset=utf-8"
  },
  "body": [
    {
      "firstName": "Oneal",
      "lastName": "Anguin"
    }
  ]
}
I, [2020-12-14T15:23:01.220423 #70732]  INFO -- : Verifying - interactions matched
I, [2020-12-14T15:23:01.225550 #70732]  INFO -- : Cleared interactions
I, [2020-12-14T15:23:01.230711 #70732]  INFO -- : Registered expected interaction GET /users
D, [2020-12-14T15:23:01.230812 #70732] DEBUG -- : {
  "description": "Request for users",
  "providerState": "No users in data store",
  "request": {
    "method": "GET",
    "path": "/users"
  },
  "response": {
    "status": 404,
    "headers": {
      "Content-Type": "application/json; charset=utf-8"
    },
    "body": "no users found"
  },
  "metadata": null
}
I, [2020-12-14T15:23:01.235070 #70732]  INFO -- : Received request GET /users
D, [2020-12-14T15:23:01.235156 #70732] DEBUG -- : {
  "path": "/users",
  "query": "",
  "method": "get",
  "headers": {
    "Host": "localhost:62715",
    "Accept-Encoding": "gzip, deflate",
    "Connection": "close",
    "Version": "HTTP/1.1"
  }
}
I, [2020-12-14T15:23:01.235264 #70732]  INFO -- : Found matching response for GET /users
D, [2020-12-14T15:23:01.235337 #70732] DEBUG -- : {
  "status": 404,
  "headers": {
    "Content-Type": "application/json; charset=utf-8"
  },
  "body": "no users found"
}
I, [2020-12-14T15:23:01.239276 #70732]  INFO -- : Verifying - interactions matched
I, [2020-12-14T15:23:01.244327 #70732]  INFO -- : Cleared interactions
I, [2020-12-14T15:23:01.250415 #70732]  INFO -- : Registered expected interaction GET /users/user@user.com
D, [2020-12-14T15:23:01.250576 #70732] DEBUG -- : {
  "description": "Request for a user by email",
  "providerState": "User with email exists",
  "request": {
    "method": "GET",
    "path": {
      "json_class": "Pact::Term",
      "data": {
        "generate": "/users/user@user.com",
        "matcher": {
          "json_class": "Regexp",
          "o": 0,
          "s": "/users/[a-zA-Z0-9_.]+@[a-zA-Z0-9]+.[a-zA-Z0-9.]+$"
        }
      }
    }
  },
  "response": {
    "status": 200,
    "headers": {
      "Content-Type": "application/json; charset=utf-8"
    },
    "body": {
      "id": {
        "json_class": "Pact::SomethingLike",
        "contents": 1
      },
      "firstName": {
        "json_class": "Pact::SomethingLike",
        "contents": "Oneal"
      },
      "lastName": "Anguin"
    }
  },
  "metadata": null
}
I, [2020-12-14T15:23:01.255287 #70732]  INFO -- : Received request GET /users/user@user.com
D, [2020-12-14T15:23:01.255401 #70732] DEBUG -- : {
  "path": "/users/user@user.com",
  "query": "",
  "method": "get",
  "headers": {
    "Host": "localhost:62715",
    "Accept-Encoding": "gzip, deflate",
    "Connection": "close",
    "Version": "HTTP/1.1"
  }
}
I, [2020-12-14T15:23:01.255536 #70732]  INFO -- : Found matching response for GET /users/user@user.com
D, [2020-12-14T15:23:01.255613 #70732] DEBUG -- : {
  "status": 200,
  "headers": {
    "Content-Type": "application/json; charset=utf-8"
  },
  "body": {
    "id": {
      "json_class": "Pact::SomethingLike",
      "contents": 1
    },
    "firstName": {
      "json_class": "Pact::SomethingLike",
      "contents": "Oneal"
    },
    "lastName": "Anguin"
  }
}
I, [2020-12-14T15:23:01.267805 #70732]  INFO -- : Verifying - interactions matched
I, [2020-12-14T15:23:01.271855 #70732]  INFO -- : Cleared interactions
I, [2020-12-14T15:23:01.277087 #70732]  INFO -- : Writing pact for provider to /Users/oneal.anguin@ef.com/ef/expirements/pact/consumer/pacts/consumer-provider.json
